<?xml version="1.0" encoding="UTF-8"?>
<!-- Generated by org.testng.reporters.JUnitReportReporter -->
<testsuite hostname="JNPC9" failures="0" tests="10" name="Sample.ProductTest" time="165.220" errors="0" timestamp="13 Aug 2020 09:45:33 GMT" skipped="0">
  <testcase classname="Sample.ProductTest" name="verifyProductDescriptionIsDisplayed" time="10.908"/>
  <testcase classname="Sample.ProductTest" name="VerifyAddedProductDisplayedIntoCart" time="13.543"/>
  <testcase classname="Sample.ProductTest" name="VerifyValidProductPriceDisplayed" time="12.436"/>
  <testcase classname="Sample.ProductTest" name="VerifyUserCanLogout" time="12.461"/>
  <testcase classname="Sample.ProductTest" name="VerifyMenuListClosed" time="13.456"/>
  <testcase classname="Sample.ProductTest" name="verifyMenuListDisplayed" time="10.595"/>
  <testcase classname="Sample.ProductTest" name="verifyAddedProductAddingInoCart" time="16.725"/>
  <testcase classname="Sample.ProductTest" name="VerifySauceLabPageIsDisplayed" time="18.513"/>
  <testcase classname="Sample.ProductTest" name="VerifyAddedProductRemoveFromTheCart" time="43.740"/>
  <testcase classname="Sample.ProductTest" name="VerifyUserCanNavigateToPreviousPage" time="12.843"/>
</testsuite> <!-- Sample.ProductTest -->
