<?xml version="1.0" encoding="UTF-8"?>
<!-- Generated by org.testng.reporters.JUnitReportReporter -->
<testsuite hostname="JNPC9" failures="0" tests="1" name="Sample.LoginTest" time="11.337" errors="0" timestamp="13 Aug 2020 09:45:34 GMT" skipped="0">
  <testcase classname="Sample.LoginTest" name="verifySuccessfullyLoginWithValidCredential" time="11.337"/>
</testsuite> <!-- Sample.LoginTest -->
