<?xml version="1.0" encoding="UTF-8"?>
<!-- Generated by org.testng.reporters.JUnitReportReporter -->
<testsuite hostname="JNPC9" failures="0" tests="8" name="Sample.AddToCartTest" time="159.389" errors="0" timestamp="13 Aug 2020 09:45:33 GMT" skipped="0">
  <testcase classname="Sample.AddToCartTest" name="verifyProductIsRemoveFromTheCart" time="15.822"/>
  <testcase classname="Sample.AddToCartTest" name="verifyErrorMessageDisplayedWhenLeaveAllTheFieldBlank" time="16.235"/>
  <testcase classname="Sample.AddToCartTest" name="verifyRemoveButtonIsNotDisplayed" time="42.306"/>
  <testcase classname="Sample.AddToCartTest" name="verifyCheckoutOverviewPageIsDisplayed" time="16.643"/>
  <testcase classname="Sample.AddToCartTest" name="verifyUserCanCancelCheckoutOrderAndNavigatedToYourCartPage" time="16.176"/>
  <testcase classname="Sample.AddToCartTest" name="verifyUserCanContinueShopping" time="14.539"/>
  <testcase classname="Sample.AddToCartTest" name="verifyUserNavigatedToProductPageByClickOnCancelButton" time="19.994"/>
  <testcase classname="Sample.AddToCartTest" name="VerifyFinishOrderPgeIsDisplayed" time="17.674"/>
</testsuite> <!-- Sample.AddToCartTest -->
